[2025-08-25 13:57:52] [leave_status] [OK] to=admin@gmail.com subject="Leave Request Approved - ELMS"
[2025-08-25 13:58:01] [leave_status] [OK] to=admin@gmail.com subject="Leave Request Approved - ELMS"
[2025-08-25 14:07:24] [leave_status] [OK] to=admin@gmail.com subject="Leave Request Approved - ELMS"
[2025-08-25 14:10:45] [leave_status] [OK] to=erictorion1@gmail.com subject="Leave Request Approved - ELMS"
[2025-08-25 14:13:02] [leave_status] [OK] to=admin@gmail.com subject="Leave Request Approved - ELMS"
[2025-08-25 14:15:21] [leave_status] [OK] to=erictorion1@gmail.com subject="Leave Request Approved - ELMS"
[2025-08-25 14:18:03] [leave_status] [OK] to=admin@gmail.com subject="Leave Request Rejected - ELMS"
[2025-08-25 14:19:04] [leave_status] [OK] to=erictorion1@gmail.com subject="Leave Request Rejected - ELMS"
[2025-08-25 14:19:57] [leave_status] [OK] to=admin@gmail.com subject="Leave Request Rejected - ELMS"
[2025-08-25 14:23:01] [leave_status] [OK] to=ejohntem@gmail.com subject="Leave Request Approved - ELMS"
[2025-08-25 14:23:40] [leave_status] [OK] to=admin@gmail.com subject="Leave Request Rejected - ELMS"
[2025-08-25 14:26:02] [leave_status] [OK] to=ejohntem@gmail.com subject="Leave Request Approved - ELMS"
[2025-08-25 14:26:30] [leave_status] [OK] to=ejohntem@gmail.com subject="Leave Request Rejected - ELMS"
[2025-08-25 15:12:33] [leave_status] [OK] to=erictorion94@gmail.com subject="Leave Request Approved - ELMS"
[2025-08-25 15:14:18] [leave_status] [OK] to=admin@gmail.com subject="Leave Request Rejected - ELMS"
[2025-08-25 15:50:46] [leave_status] [OK] to=departmenthead@gmail.com subject="Leave Request Approved - ELMS"
[2025-09-13 16:50:32] [leave_status] [OK] to=erictorion94@gmail.com subject="Leave Request Approved - ELMS"
[2025-09-13 17:10:08] [leave_status] [OK] to=erictorion94@gmail.com subject="Leave Request Rejected - ELMS"
[2025-09-13 17:14:51] [leave_status] [OK] to=erictorion94@gmail.com subject="Leave Request Approved - ELMS"
[2025-09-14 14:59:23] [leave_status] [OK] to=erictorion94@gmail.com subject="Leave Request Approved - ELMS"
[2025-09-14 16:24:55] [leave_status] [OK] to=erictorion94@gmail.com subject="Leave Request Rejected - ELMS"
[2025-09-16 20:10:09] [leave_status] [OK] to=erictorion94@gmail.com subject="Leave Request Approved - ELMS"
[2025-09-22 06:46:39] [leave_status] [OK] to=erictorion94@gmail.com subject="Leave Request Department Head - For Approval - ELMS"
[2025-09-22 06:59:43] [leave_status] [OK] to=erictorion94@gmail.com subject="Leave Request Director Approved - ELMS"
